<?xml version="1.0" encoding="UTF-8"?>
<!-- Generated by org.testng.reporters.JUnitReportReporter -->
<testsuite skipped="0" hostname="Yuliyas-MacBook-Pro.local" name="Products.CompareProductsTest" tests="1" failures="0" timestamp="25 Jul 2019 00:15:41 GMT" time="35.467" errors="0">
  <testcase name="CompareProduct" time="35.467" classname="Products.CompareProductsTest"/>
</testsuite> <!-- Products.CompareProductsTest -->
