<?xml version="1.0" encoding="UTF-8"?>
<!-- Generated by org.testng.reporters.JUnitReportReporter -->
<testsuite skipped="0" hostname="Yuliyas-MacBook-Pro.local" name="Products.CompareProductsTest" tests="1" failures="0" timestamp="24 Jul 2019 20:46:45 GMT" time="36.548" errors="0">
  <testcase name="CompareProduct" time="36.548" classname="Products.CompareProductsTest"/>
</testsuite> <!-- Products.CompareProductsTest -->
